<?xml version="1.0" encoding="UTF-8"?>
<testng-results skipped="0" failed="0" ignored="0" total="1" passed="1">
  <reporter-output>
  </reporter-output>
  <suite name="LearnSuite" duration-ms="41931" started-at="2020-07-28T19:07:33 IST" finished-at="2020-07-28T19:08:15 IST">
    <groups>
    </groups>
    <test name="LearnTest" duration-ms="41931" started-at="2020-07-28T19:07:33 IST" finished-at="2020-07-28T19:08:15 IST">
      <class name="test.ExtentReportDemoWIthTestNG">
        <test-method status="PASS" signature="setUp()[pri:0, instance:test.ExtentReportDemoWIthTestNG@307f6b8c]" name="setUp" is-config="true" duration-ms="368" started-at="2020-07-28T19:07:33 IST" finished-at="2020-07-28T19:07:33 IST">
          <reporter-output>
          </reporter-output>
        </test-method> <!-- setUp -->
        <test-method status="PASS" signature="setUpTest()[pri:0, instance:test.ExtentReportDemoWIthTestNG@307f6b8c]" name="setUpTest" is-config="true" duration-ms="11460" started-at="2020-07-28T19:07:33 IST" finished-at="2020-07-28T19:07:45 IST">
          <reporter-output>
          </reporter-output>
        </test-method> <!-- setUpTest -->
        <test-method status="PASS" signature="test1()[pri:0, instance:test.ExtentReportDemoWIthTestNG@307f6b8c]" name="test1" duration-ms="30374" started-at="2020-07-28T19:07:45 IST" finished-at="2020-07-28T19:08:15 IST">
          <reporter-output>
          </reporter-output>
        </test-method> <!-- test1 -->
        <test-method status="PASS" signature="tearDown()[pri:0, instance:test.ExtentReportDemoWIthTestNG@307f6b8c]" name="tearDown" is-config="true" duration-ms="5291" started-at="2020-07-28T19:08:15 IST" finished-at="2020-07-28T19:08:21 IST">
          <reporter-output>
          </reporter-output>
        </test-method> <!-- tearDown -->
      </class> <!-- test.ExtentReportDemoWIthTestNG -->
    </test> <!-- LearnTest -->
  </suite> <!-- LearnSuite -->
</testng-results>
